<?xml version="1.0" encoding="UTF-8"?>
<testng-results ignored="0" total="1" passed="1" failed="0" skipped="0">
  <reporter-output>
  </reporter-output>
  <suite started-at="2022-03-16T04:37:59Z" name="Default suite" finished-at="2022-03-16T04:38:08Z" duration-ms="8420">
    <groups>
    </groups>
    <test started-at="2022-03-16T04:37:59Z" name="Default test" finished-at="2022-03-16T04:38:08Z" duration-ms="8420">
      <class name="RestAssured.RestSample.Assignment">
        <test-method signature="restAssignmentUser()[pri:0, instance:RestAssured.RestSample.Assignment@1115ec15]" started-at="2022-03-16T04:37:59Z" name="restAssignmentUser" finished-at="2022-03-16T04:38:08Z" duration-ms="8400" status="PASS">
          <reporter-output>
          </reporter-output>
        </test-method> <!-- restAssignmentUser -->
      </class> <!-- RestAssured.RestSample.Assignment -->
    </test> <!-- Default test -->
  </suite> <!-- Default suite -->
</testng-results>
